Bayesian
(89.4, 0.6499999999999986, [('0', 3.5), ('1', 2.25), ('2', 9.75), ('3', 14.25), ('4', 12.0), ('5', 23.0), ('6', 5.25), ('7', 11.25), ('8', 19.0), ('9', 5.75)], 'mode=test: 90.050000, 88.750000')
(64.325, 0.07500000000000284, [('0', 41.5), ('1', 16.25), ('2', 34.75), ('3', 60.25), ('4', 44.5), ('5', 41.25), ('6', 24.25), ('7', 27.75), ('8', 39.5), ('9', 26.75)], 'mode=PCA: 64.250000, 64.400000')
(79.55000000000001, 0.8500000000000014, [('0', 7.75), ('1', 7.75), ('2', 24.75), ('3', 27.0), ('4', 18.5), ('5', 27.0), ('6', 17.75), ('7', 22.25), ('8', 28.75), ('9', 23.0)], 'mode=LDA: 80.400000, 78.700000')
KMean
(80.375, 1.4249999999999972, [('0', 10.25), ('1', 3.25), ('2', 25.25), ('3', 23.5), ('4', 17.0), ('5', 36.75), ('6', 16.75), ('7', 13.5), ('8', 29.0), ('9', 21.0)], 'mode=test: 81.800000, 78.950000')
(80.325, 1.4249999999999972, [('0', 10.5), ('1', 3.25), ('2', 25.25), ('3', 23.5), ('4', 17.0), ('5', 36.75), ('6', 16.75), ('7', 13.75), ('8', 29.0), ('9', 21.0)], 'mode=PCA: 81.750000, 78.900000')
(78.2, 0.25, [('0', 8.5), ('1', 3.75), ('2', 37.25), ('3', 25.0), ('4', 17.25), ('5', 33.0), ('6', 19.5), ('7', 25.25), ('8', 28.75), ('9', 19.75)], 'mode=LDA: 78.450000, 77.950000')
KNN
(91.6, 0.25, [('0', 2.5), ('1', 0.0), ('2', 11.25), ('3', 8.5), ('4', 12.0), ('5', 11.0), ('6', 3.75), ('7', 4.75), ('8', 19.75), ('9', 10.5)], 'mode=test: 91.350000, 91.850000')
(91.775, 0.2749999999999986, [('0', 2.5), ('1', 0.0), ('2', 11.0), ('3', 8.5), ('4', 11.5), ('5', 10.75), ('6', 3.25), ('7', 4.5), ('8', 19.5), ('9', 10.75)], 'mode=PCA: 91.500000, 92.050000')
(78.25, 0.3500000000000014, [('0', 7.0), ('1', 5.5), ('2', 32.25), ('3', 25.75), ('4', 20.5), ('5', 33.75), ('6', 16.75), ('7', 22.5), ('8', 31.0), ('9', 22.5)], 'mode=LDA: 78.600000, 77.900000')
LDA
(78.2, 0.25, [('0', 8.5), ('1', 3.75), ('2', 37.25), ('3', 25.0), ('4', 17.25), ('5', 33.0), ('6', 19.5), ('7', 25.25), ('8', 28.75), ('9', 19.75)], 'mode=test: 78.450000, 77.950000')
(84.825, 0.375, [('0', 7.5), ('1', 2.5), ('2', 22.0), ('3', 17.5), ('4', 12.25), ('5', 26.25), ('6', 10.5), ('7', 16.5), ('8', 24.0), ('9', 12.75)], 'mode=PCA: 85.200000, 84.450000')
(78.2, 0.25, [('0', 8.5), ('1', 3.75), ('2', 37.25), ('3', 25.0), ('4', 17.25), ('5', 33.0), ('6', 19.5), ('7', 25.25), ('8', 28.75), ('9', 19.75)], 'mode=LDA: 78.450000, 77.950000')
SVM-linear
(90.025, 0.07500000000000284, [('0', 3.0), ('1', 1.25), ('2', 10.25), ('3', 13.25), ('4', 9.25), ('5', 19.5), ('6', 7.25), ('7', 7.0), ('8', 17.5), ('9', 11.5)], 'mode=test: 90.100000, 89.950000')
(89.65, 0.10000000000000142, [('0', 2.75), ('1', 1.25), ('2', 10.75), ('3', 13.25), ('4', 10.0), ('5', 19.0), ('6', 7.25), ('7', 9.0), ('8', 17.75), ('9', 12.5)], 'mode=PCA: 89.750000, 89.550000')
(78.4, 1.1499999999999986, [('0', 9.0), ('1', 4.75), ('2', 31.0), ('3', 29.0), ('4', 16.75), ('5', 30.5), ('6', 18.75), ('7', 21.5), ('8', 30.5), ('9', 24.25)], 'mode=LDA: 79.550000, 77.250000')
SVM-RBF
(93.75, 0.3499999999999943, [('0', 3.25), ('1', 1.75), ('2', 7.25), ('3', 8.25), ('4', 4.5), ('5', 9.75), ('6', 3.25), ('7', 7.0), ('8', 9.75), ('9', 7.75)], 'mode=test: 94.100000, 93.400000')
(94.4, 0.3999999999999986, [('0', 3.0), ('1', 1.25), ('2', 6.5), ('3', 8.25), ('4', 4.5), ('5', 8.0), ('6', 2.75), ('7', 6.0), ('8', 8.25), ('9', 7.5)], 'mode=PCA: 94.800000, 94.000000')
(78.325, 1.2249999999999943, [('0', 8.25), ('1', 5.0), ('2', 33.0), ('3', 27.5), ('4', 19.25), ('5', 29.25), ('6', 18.0), ('7', 22.0), ('8', 31.75), ('9', 22.75)], 'mode=LDA: 79.550000, 77.100000')
SVM-Poly
(90.375, 1.1749999999999972, [('0', 6.75), ('1', 1.0), ('2', 12.25), ('3', 13.25), ('4', 7.25), ('5', 11.75), ('6', 7.75), ('7', 8.75), ('8', 16.25), ('9', 11.25)], 'mode=test: 91.550000, 89.200000')
(94.2, 0.04999999999999716, [('0', 7.5), ('1', 1.75), ('2', 8.25), ('3', 8.25), ('4', 4.5), ('5', 6.0), ('6', 4.5), ('7', 8.0), ('8', 5.0), ('9', 4.25)], 'mode=PCA: 94.250000, 94.150000')
(76.75, 0.9500000000000028, [('0', 13.0), ('1', 8.25), ('2', 38.5), ('3', 30.25), ('4', 21.5), ('5', 26.5), ('6', 20.75), ('7', 26.25), ('8', 21.5), ('9', 26.0)], 'mode=LDA: 77.700000, 75.800000')
LogReg
(85.825, 0.07500000000000284, [('0', 5.0), ('1', 3.5), ('2', 16.25), ('3', 15.75), ('4', 15.0), ('5', 27.5), ('6', 9.75), ('7', 9.0), ('8', 23.75), ('9', 16.25)], 'mode=test: 85.750000, 85.900000')
(82.6, 0.25, [('0', 6.25), ('1', 5.0), ('2', 19.0), ('3', 18.0), ('4', 18.5), ('5', 31.5), ('6', 12.5), ('7', 12.25), ('8', 30.25), ('9', 20.75)], 'mode=PCA: 82.350000, 82.850000')
(78.35, 1.6000000000000014, [('0', 7.75), ('1', 5.0), ('2', 32.0), ('3', 27.25), ('4', 15.25), ('5', 32.25), ('6', 18.75), ('7', 22.75), ('8', 29.5), ('9', 26.0)], 'mode=LDA: 79.950000, 76.750000')
RLSovr
(84.67500000000001, 0.4750000000000014, [('0', 3.75), ('1', 2.5), ('2', 22.25), ('3', 15.5), ('4', 9.75), ('5', 37.25), ('6', 8.75), ('7', 11.5), ('8', 23.5), ('9', 18.5)], 'mode=test: 85.150000, 84.200000')
(84.675, 0.625, [('0', 4.0), ('1', 2.5), ('2', 22.25), ('3', 16.75), ('4', 9.25), ('5', 37.25), ('6', 8.25), ('7', 11.5), ('8', 23.0), ('9', 18.5)], 'mode=PCA: 85.300000, 84.050000')
(76.675, 0.625, [('0', 8.75), ('1', 4.0), ('2', 36.75), ('3', 27.5), ('4', 18.75), ('5', 38.0), ('6', 17.75), ('7', 23.75), ('8', 32.25), ('9', 25.75)], 'mode=LDA: 77.300000, 76.050000')
RLSonehot
(84.67500000000001, 0.4750000000000014, [('0', 3.75), ('1', 2.5), ('2', 22.25), ('3', 15.5), ('4', 9.75), ('5', 37.25), ('6', 8.75), ('7', 11.5), ('8', 23.5), ('9', 18.5)], 'mode=test: 85.150000, 84.200000')
(84.675, 0.625, [('0', 4.0), ('1', 2.5), ('2', 22.25), ('3', 16.75), ('4', 9.25), ('5', 37.25), ('6', 8.25), ('7', 11.5), ('8', 23.0), ('9', 18.5)], 'mode=PCA: 85.300000, 84.050000')
(76.675, 0.625, [('0', 8.75), ('1', 4.0), ('2', 36.75), ('3', 27.5), ('4', 18.75), ('5', 38.0), ('6', 17.75), ('7', 23.75), ('8', 32.25), ('9', 25.75)], 'mode=LDA: 77.300000, 76.050000')
ours
(82.075, 1.375, [('0', 8.0), ('1', 6.25), ('2', 20.75), ('3', 18.75), ('4', 6.25), ('5', 37.25), ('6', 14.0), ('7', 18.25), ('8', 28.75), ('9', 21.0)], 'mode=test: 83.450000, 80.700000')
(82.15, 1.249999999999993, [('0', 8.0), ('1', 5.75), ('2', 20.25), ('3', 18.75), ('4', 6.25), ('5', 37.0), ('6', 14.0), ('7', 18.25), ('8', 28.75), ('9', 21.5)], 'mode=PCA: 83.400000, 80.900000')
(76.2, 0.20000000000000284, [('0', 11.0), ('1', 6.5), ('2', 34.5), ('3', 27.0), ('4', 15.5), ('5', 34.25), ('6', 21.5), ('7', 29.75), ('8', 32.75), ('9', 25.25)], 'mode=LDA: 76.400000, 76.000000')
oursKNN
(91.575, 0.375, [('0', 2.75), ('1', 0.0), ('2', 13.25), ('3', 8.25), ('4', 10.25), ('5', 11.5), ('6', 1.75), ('7', 8.25), ('8', 20.0), ('9', 8.25)], 'mode=test: 91.950000, 91.200000')
(91.85, 0.5500000000000043, [('0', 2.75), ('1', 0.25), ('2', 12.25), ('3', 8.0), ('4', 10.0), ('5', 12.0), ('6', 1.75), ('7', 8.0), ('8', 18.25), ('9', 8.25)], 'mode=PCA: 92.400000, 91.300000')
(79.8, 0.5499999999999972, [('0', 8.25), ('1', 4.0), ('2', 33.0), ('3', 24.25), ('4', 17.5), ('5', 32.5), ('6', 16.25), ('7', 20.75), ('8', 27.0), ('9', 18.5)], 'mode=LDA: 80.350000, 79.250000')
